<?xml version="1.0" encoding="UTF-8"?>
<!-- Generated by org.testng.reporters.JUnitReportReporter -->
<testsuite hostname="LAPTOP-IO7O6G3K" failures="0" tests="3" name="test.FaceBooLoginTest" time="11.028" errors="0" timestamp="2023-09-27T20:43:23 IST" skipped="0">
  <testcase classname="test.FaceBooLoginTest" name="loginWithInvalidUserNameAndValidPassword" time="4.147"/>
  <testcase classname="test.FaceBooLoginTest" name="loginWithValidCredentials" time="3.259"/>
  <testcase classname="test.FaceBooLoginTest" name="loginWithValidUserNameAndInvalidPasssword" time="3.622"/>
</testsuite> <!-- test.FaceBooLoginTest -->
