<?xml version="1.0" encoding="UTF-8"?>
<!-- Generated by org.testng.reporters.JUnitReportReporter -->
<testsuite hostname="LAPTOP-IO7O6G3K" failures="0" tests="1" name="test.FaceBookCreateNewAccountTest" time="11.153" errors="0" timestamp="2023-09-22T20:55:56 IST" skipped="0">
  <testcase classname="test.FaceBookCreateNewAccountTest" name="createNewAccountTest" time="11.153"/>
</testsuite> <!-- test.FaceBookCreateNewAccountTest -->
